C51 COMPILER V9.60.0.0   DELAY                                                             12/16/2020 12:57:09 PAGE 1   


C51 COMPILER V9.60.0.0, COMPILATION OF MODULE DELAY
OBJECT MODULE PLACED IN ..\hex\delay.obj
COMPILER INVOKED BY: E:\Keil\Keil_v5\C51\BIN\C51.EXE ..\SCR\delay.c LARGE OPTIMIZE(8,SPEED) BROWSE INCDIR(..\SCR) DEBUG 
                    -OBJECTEXTEND PRINT(.\delay.lst) TABS(2) OBJECT(..\hex\delay.obj)

line level    source

   1          #include "delay.h"
   2          
   3          void Delay100ms(void)   //@11.0592MHz
   4          {
   5   1        unsigned char i, j, k;
   6   1      
   7   1        _nop_();
   8   1        _nop_();
   9   1        i = 5;
  10   1        j = 52;
  11   1        k = 195;
  12   1        do
  13   1        {
  14   2          do
  15   2          {
  16   3            while (--k);
  17   3          } while (--j);
  18   2        } while (--i);
  19   1      }
  20          
  21          void Delay_N100ms(uint8 n)
  22          {
  23   1        while(n--)
  24   1        {
  25   2          Delay100ms();
  26   2        }
  27   1      }


MODULE INFORMATION:   STATIC OVERLAYABLE
   CODE SIZE        =     29    ----
   CONSTANT SIZE    =   ----    ----
   XDATA SIZE       =   ----    ----
   PDATA SIZE       =   ----    ----
   DATA SIZE        =   ----    ----
   IDATA SIZE       =   ----    ----
   BIT SIZE         =   ----    ----
END OF MODULE INFORMATION.


C51 COMPILATION COMPLETE.  0 WARNING(S),  0 ERROR(S)
