C51 COMPILER V9.60.0.0   INTPROCESS                                                        12/16/2020 12:57:08 PAGE 1   


C51 COMPILER V9.60.0.0, COMPILATION OF MODULE INTPROCESS
OBJECT MODULE PLACED IN ..\hex\IntProcess.obj
COMPILER INVOKED BY: E:\Keil\Keil_v5\C51\BIN\C51.EXE ..\SCR\IntProcess.c LARGE OPTIMIZE(8,SPEED) BROWSE INCDIR(..\SCR) D
                    -EBUG OBJECTEXTEND PRINT(.\IntProcess.lst) TABS(2) OBJECT(..\hex\IntProcess.obj)

line level    source

   1          #include "IntProcess.h"
   2          
   3          unsigned char Int0Cnt,Int1Cnt,Int2Cnt,Int3Cnt;
   4          
   5          void InterruptInit(void)
   6          {
   7   1        IT0 = 1;   //外部中断0下降沿触发
   8   1        IT1 = 1;   //外部中断1下降沿触发
   9   1        EX0 = 0;   //外部中断0禁止
  10   1        EX1 = 0;   //外部中断1禁止
  11   1      
  12   1      //  EX2 = 0;   //外部中断2禁止
  13   1      //  IT2 = 1;   //外部中断2下降沿触发
  14   1      //
  15   1      //  EX3 = 0;   //外部中断2禁止
  16   1      //  IT3 = 1;   //外部中断2下降沿触发
  17   1      
  18   1        EA  = 1;//开总中断
  19   1      }
  20          /*INT0作为绿色LED的计数*/   //P3^2
  21          void Int0Process(void) interrupt 0
  22          {
  23   1        Int0Cnt++;
  24   1      }
  25          /*INT1作为黄色LED的计数*/    //P3^3
  26          void Int1Process(void) interrupt 2
  27          {
  28   1        Int1Cnt++;
  29   1      }
  30          
  31          ///*INT2作为红色 LED的计数*/     //P4^3
  32          //void Int2Process(void) interrupt 6
  33          //{
  34          //  Int2Cnt++;      
  35          //}
  36          //
  37          ///*INT3作为闪光灯的计数*/     //P4^2
  38          //void Int3Process(void) interrupt 7
  39          //{
  40          //  Int3Cnt++;
  41          //}


MODULE INFORMATION:   STATIC OVERLAYABLE
   CODE SIZE        =     49    ----
   CONSTANT SIZE    =   ----    ----
   XDATA SIZE       =      4    ----
   PDATA SIZE       =   ----    ----
   DATA SIZE        =   ----    ----
   IDATA SIZE       =   ----    ----
   BIT SIZE         =   ----    ----
END OF MODULE INFORMATION.


C51 COMPILATION COMPLETE.  0 WARNING(S),  0 ERROR(S)
