C51 COMPILER V9.60.0.0   PWM                                                               12/16/2020 12:57:09 PAGE 1   


C51 COMPILER V9.60.0.0, COMPILATION OF MODULE PWM
OBJECT MODULE PLACED IN ..\hex\pwm.obj
COMPILER INVOKED BY: E:\Keil\Keil_v5\C51\BIN\C51.EXE ..\SCR\pwm.c LARGE OPTIMIZE(8,SPEED) BROWSE INCDIR(..\SCR) DEBUG OB
                    -JECTEXTEND PRINT(.\pwm.lst) TABS(2) OBJECT(..\hex\pwm.obj)

line level    source

   1          #include "pwm.h"
   2          
   3          #define CCP_S0 0x10                 //P_SW1.4
   4          #define CCP_S1 0x20                 //P_SW1.5
   5          
   6          void PWM_init(void)
   7          {
   8   1          ACC = P_SW1;
   9   1          ACC &= ~(CCP_S0 | CCP_S1);      //CCP_S0=0 CCP_S1=0
  10   1          P_SW1 = ACC;                    //(P1.2/ECI, P1.1/CCP0, P1.0/CCP1, P3.7/CCP2)
  11   1          
  12   1      //  ACC = P_SW1;
  13   1      //  ACC &= ~(CCP_S0 | CCP_S1);      //CCP_S0=1 CCP_S1=0
  14   1      //  ACC |= CCP_S0;                  //(P3.4/ECI_2, P3.5/CCP0_2, P3.6/CCP1_2, P3.7/CCP2_2)
  15   1      //  P_SW1 = ACC;  
  16   1      //  
  17   1      //  ACC = P_SW1;
  18   1      //  ACC &= ~(CCP_S0 | CCP_S1);      //CCP_S0=0 CCP_S1=1
  19   1      //  ACC |= CCP_S1;                  //(P2.4/ECI_3, P2.5/CCP0_3, P2.6/CCP1_3, P2.7/CCP2_3)
  20   1      //  P_SW1 = ACC;  
  21   1      
  22   1          CCON = 0;                       //初始化PCA控制寄存器
  23   1                                          //PCA定时器停止
  24   1                                          //清除CF标志
  25   1                                          //清除模块中断标志
  26   1          CL = 0;                         //复位PCA寄存器
  27   1          CH = 0;
  28   1          CMOD = 0x02;                    //设置PCA时钟源
  29   1                                          //禁止PCA定时器溢出中断
  30   1          PCA_PWM0 = 0x00;                //PCA模块0工作于8位PWM
  31   1          CCAP0H = CCAP0L = 0x20;         //PWM0的占空比为87.5% ((100H-20H)/100H)
  32   1          CCAPM0 = 0x42;                  //PCA模块0为8位PWM模式
  33   1      
  34   1          PCA_PWM1 = 0x40;                //PCA模块1工作于7位PWM
  35   1          CCAP1H = CCAP1L = 0x20;         //PWM1的占空比为75% ((80H-20H)/80H)
  36   1          CCAPM1 = 0x42;                  //PCA模块1为7位PWM模式
  37   1      
  38   1          PCA_PWM2 = 0x80;                //PCA模块2工作于6位PWM
  39   1          CCAP2H = CCAP2L = 0x20;         //PWM2的占空比为50% ((40H-20H)/40H)
  40   1          CCAPM2 = 0x42;                  //PCA模块2为6位PWM模式
  41   1      
  42   1          CR = 1;                         //PCA定时器开始工作
  43   1      }
  44          
  45          
  46          
  47          
  48          


MODULE INFORMATION:   STATIC OVERLAYABLE
   CODE SIZE        =     54    ----
   CONSTANT SIZE    =   ----    ----
   XDATA SIZE       =   ----    ----
C51 COMPILER V9.60.0.0   PWM                                                               12/16/2020 12:57:09 PAGE 2   

   PDATA SIZE       =   ----    ----
   DATA SIZE        =   ----    ----
   IDATA SIZE       =   ----    ----
   BIT SIZE         =   ----    ----
END OF MODULE INFORMATION.


C51 COMPILATION COMPLETE.  0 WARNING(S),  0 ERROR(S)
